13:04:49.105 [main] DEBUG org.apache.poi.openxml4j.opc.PackageRelationshipCollection - Parsing relationship: /xl/_rels/workbook.xml.rels
13:04:49.139 [main] DEBUG org.apache.poi.openxml4j.opc.PackageRelationshipCollection - Parsing relationship: /xl/worksheets/_rels/sheet1.xml.rels
13:04:49.141 [main] DEBUG org.apache.poi.openxml4j.opc.PackageRelationshipCollection - Parsing relationship: /_rels/.rels
13:04:49.160 [main] DEBUG org.apache.poi.ooxml.POIXMLFactory - using default POIXMLDocumentPart for http://schemas.openxmlformats.org/officeDocument/2006/relationships/printerSettings
13:04:49.217 [main] DEBUG org.apache.poi.openxml4j.opc.PackageRelationshipCollection - Parsing relationship: /xl/_rels/workbook.xml.rels
13:04:49.219 [main] DEBUG org.apache.poi.openxml4j.opc.PackageRelationshipCollection - Parsing relationship: /xl/worksheets/_rels/sheet1.xml.rels
13:04:49.221 [main] DEBUG org.apache.poi.openxml4j.opc.PackageRelationshipCollection - Parsing relationship: /_rels/.rels
13:04:49.240 [main] DEBUG org.apache.poi.ooxml.POIXMLFactory - using default POIXMLDocumentPart for http://schemas.openxmlformats.org/officeDocument/2006/relationships/printerSettings
13:04:49.268 [main] DEBUG org.apache.poi.openxml4j.opc.PackageRelationshipCollection - Parsing relationship: /xl/_rels/workbook.xml.rels
13:04:49.270 [main] DEBUG org.apache.poi.openxml4j.opc.PackageRelationshipCollection - Parsing relationship: /xl/worksheets/_rels/sheet1.xml.rels
13:04:49.272 [main] DEBUG org.apache.poi.openxml4j.opc.PackageRelationshipCollection - Parsing relationship: /_rels/.rels
13:04:49.290 [main] DEBUG org.apache.poi.ooxml.POIXMLFactory - using default POIXMLDocumentPart for http://schemas.openxmlformats.org/officeDocument/2006/relationships/printerSettings
13:04:49.321 [main] DEBUG org.apache.poi.openxml4j.opc.PackageRelationshipCollection - Parsing relationship: /xl/_rels/workbook.xml.rels
13:04:49.322 [main] DEBUG org.apache.poi.openxml4j.opc.PackageRelationshipCollection - Parsing relationship: /xl/worksheets/_rels/sheet1.xml.rels
13:04:49.324 [main] DEBUG org.apache.poi.openxml4j.opc.PackageRelationshipCollection - Parsing relationship: /_rels/.rels
13:04:49.342 [main] DEBUG org.apache.poi.ooxml.POIXMLFactory - using default POIXMLDocumentPart for http://schemas.openxmlformats.org/officeDocument/2006/relationships/printerSettings
13:04:49.372 [main] DEBUG org.apache.poi.openxml4j.opc.PackageRelationshipCollection - Parsing relationship: /xl/_rels/workbook.xml.rels
13:04:49.374 [main] DEBUG org.apache.poi.openxml4j.opc.PackageRelationshipCollection - Parsing relationship: /xl/worksheets/_rels/sheet1.xml.rels
13:04:49.376 [main] DEBUG org.apache.poi.openxml4j.opc.PackageRelationshipCollection - Parsing relationship: /_rels/.rels
13:04:49.393 [main] DEBUG org.apache.poi.ooxml.POIXMLFactory - using default POIXMLDocumentPart for http://schemas.openxmlformats.org/officeDocument/2006/relationships/printerSettings
13:04:49.420 [main] DEBUG org.apache.poi.openxml4j.opc.PackageRelationshipCollection - Parsing relationship: /xl/_rels/workbook.xml.rels
13:04:49.422 [main] DEBUG org.apache.poi.openxml4j.opc.PackageRelationshipCollection - Parsing relationship: /xl/worksheets/_rels/sheet1.xml.rels
13:04:49.424 [main] DEBUG org.apache.poi.openxml4j.opc.PackageRelationshipCollection - Parsing relationship: /_rels/.rels
13:04:49.438 [main] DEBUG org.apache.poi.ooxml.POIXMLFactory - using default POIXMLDocumentPart for http://schemas.openxmlformats.org/officeDocument/2006/relationships/printerSettings
13:04:49.469 [main] DEBUG org.apache.poi.openxml4j.opc.PackageRelationshipCollection - Parsing relationship: /xl/_rels/workbook.xml.rels
13:04:49.470 [main] DEBUG org.apache.poi.openxml4j.opc.PackageRelationshipCollection - Parsing relationship: /xl/worksheets/_rels/sheet1.xml.rels
13:04:49.471 [main] DEBUG org.apache.poi.openxml4j.opc.PackageRelationshipCollection - Parsing relationship: /_rels/.rels
13:04:49.486 [main] DEBUG org.apache.poi.ooxml.POIXMLFactory - using default POIXMLDocumentPart for http://schemas.openxmlformats.org/officeDocument/2006/relationships/printerSettings
13:04:49.515 [main] DEBUG org.apache.poi.openxml4j.opc.PackageRelationshipCollection - Parsing relationship: /xl/_rels/workbook.xml.rels
13:04:49.515 [main] DEBUG org.apache.poi.openxml4j.opc.PackageRelationshipCollection - Parsing relationship: /xl/worksheets/_rels/sheet1.xml.rels
13:04:49.517 [main] DEBUG org.apache.poi.openxml4j.opc.PackageRelationshipCollection - Parsing relationship: /_rels/.rels
13:04:49.533 [main] DEBUG org.apache.poi.ooxml.POIXMLFactory - using default POIXMLDocumentPart for http://schemas.openxmlformats.org/officeDocument/2006/relationships/printerSettings
13:04:49.597 [main] DEBUG org.apache.poi.openxml4j.opc.PackageRelationshipCollection - Parsing relationship: /xl/_rels/workbook.xml.rels
13:04:49.599 [main] DEBUG org.apache.poi.openxml4j.opc.PackageRelationshipCollection - Parsing relationship: /xl/worksheets/_rels/sheet1.xml.rels
13:04:49.601 [main] DEBUG org.apache.poi.openxml4j.opc.PackageRelationshipCollection - Parsing relationship: /_rels/.rels
13:04:49.640 [main] DEBUG org.apache.poi.ooxml.POIXMLFactory - using default POIXMLDocumentPart for http://schemas.openxmlformats.org/officeDocument/2006/relationships/printerSettings
13:04:49.724 [main] DEBUG org.apache.poi.openxml4j.opc.PackageRelationshipCollection - Parsing relationship: /xl/_rels/workbook.xml.rels
13:04:49.725 [main] DEBUG org.apache.poi.openxml4j.opc.PackageRelationshipCollection - Parsing relationship: /xl/worksheets/_rels/sheet1.xml.rels
13:04:49.726 [main] DEBUG org.apache.poi.openxml4j.opc.PackageRelationshipCollection - Parsing relationship: /_rels/.rels
13:04:49.742 [main] DEBUG org.apache.poi.ooxml.POIXMLFactory - using default POIXMLDocumentPart for http://schemas.openxmlformats.org/officeDocument/2006/relationships/printerSettings
13:04:49.836 [main] DEBUG org.apache.poi.openxml4j.opc.PackageRelationshipCollection - Parsing relationship: /xl/_rels/workbook.xml.rels
13:04:49.838 [main] DEBUG org.apache.poi.openxml4j.opc.PackageRelationshipCollection - Parsing relationship: /xl/worksheets/_rels/sheet1.xml.rels
13:04:49.839 [main] DEBUG org.apache.poi.openxml4j.opc.PackageRelationshipCollection - Parsing relationship: /_rels/.rels
13:04:49.853 [main] DEBUG org.apache.poi.ooxml.POIXMLFactory - using default POIXMLDocumentPart for http://schemas.openxmlformats.org/officeDocument/2006/relationships/printerSettings
13:04:49.916 [main] DEBUG org.apache.poi.openxml4j.opc.PackageRelationshipCollection - Parsing relationship: /xl/_rels/workbook.xml.rels
13:04:49.917 [main] DEBUG org.apache.poi.openxml4j.opc.PackageRelationshipCollection - Parsing relationship: /xl/worksheets/_rels/sheet1.xml.rels
13:04:49.924 [main] DEBUG org.apache.poi.openxml4j.opc.PackageRelationshipCollection - Parsing relationship: /_rels/.rels
13:04:49.940 [main] DEBUG org.apache.poi.ooxml.POIXMLFactory - using default POIXMLDocumentPart for http://schemas.openxmlformats.org/officeDocument/2006/relationships/printerSettings
13:04:49.967 [main] DEBUG org.apache.poi.openxml4j.opc.PackageRelationshipCollection - Parsing relationship: /xl/_rels/workbook.xml.rels
13:04:49.968 [main] DEBUG org.apache.poi.openxml4j.opc.PackageRelationshipCollection - Parsing relationship: /xl/worksheets/_rels/sheet1.xml.rels
13:04:49.974 [main] DEBUG org.apache.poi.openxml4j.opc.PackageRelationshipCollection - Parsing relationship: /_rels/.rels
13:04:49.996 [main] DEBUG org.apache.poi.ooxml.POIXMLFactory - using default POIXMLDocumentPart for http://schemas.openxmlformats.org/officeDocument/2006/relationships/printerSettings
13:04:50.033 [main] DEBUG org.apache.poi.openxml4j.opc.PackageRelationshipCollection - Parsing relationship: /xl/_rels/workbook.xml.rels
13:04:50.038 [main] DEBUG org.apache.poi.openxml4j.opc.PackageRelationshipCollection - Parsing relationship: /xl/worksheets/_rels/sheet1.xml.rels
13:04:50.039 [main] DEBUG org.apache.poi.openxml4j.opc.PackageRelationshipCollection - Parsing relationship: /_rels/.rels
13:04:50.062 [main] DEBUG org.apache.poi.ooxml.POIXMLFactory - using default POIXMLDocumentPart for http://schemas.openxmlformats.org/officeDocument/2006/relationships/printerSettings
13:04:50.086 [main] DEBUG org.apache.poi.openxml4j.opc.PackageRelationshipCollection - Parsing relationship: /xl/_rels/workbook.xml.rels
13:04:50.089 [main] DEBUG org.apache.poi.openxml4j.opc.PackageRelationshipCollection - Parsing relationship: /xl/worksheets/_rels/sheet1.xml.rels
13:04:50.093 [main] DEBUG org.apache.poi.openxml4j.opc.PackageRelationshipCollection - Parsing relationship: /_rels/.rels
13:04:50.111 [main] DEBUG org.apache.poi.ooxml.POIXMLFactory - using default POIXMLDocumentPart for http://schemas.openxmlformats.org/officeDocument/2006/relationships/printerSettings
13:04:50.176 [main] DEBUG org.apache.poi.openxml4j.opc.PackageRelationshipCollection - Parsing relationship: /xl/_rels/workbook.xml.rels
13:04:50.178 [main] DEBUG org.apache.poi.openxml4j.opc.PackageRelationshipCollection - Parsing relationship: /xl/worksheets/_rels/sheet1.xml.rels
13:04:50.179 [main] DEBUG org.apache.poi.openxml4j.opc.PackageRelationshipCollection - Parsing relationship: /_rels/.rels
13:04:50.192 [main] DEBUG org.apache.poi.ooxml.POIXMLFactory - using default POIXMLDocumentPart for http://schemas.openxmlformats.org/officeDocument/2006/relationships/printerSettings
13:04:50.219 [main] DEBUG org.apache.poi.openxml4j.opc.PackageRelationshipCollection - Parsing relationship: /xl/_rels/workbook.xml.rels
13:04:50.220 [main] DEBUG org.apache.poi.openxml4j.opc.PackageRelationshipCollection - Parsing relationship: /xl/worksheets/_rels/sheet1.xml.rels
13:04:50.221 [main] DEBUG org.apache.poi.openxml4j.opc.PackageRelationshipCollection - Parsing relationship: /_rels/.rels
13:04:50.234 [main] DEBUG org.apache.poi.ooxml.POIXMLFactory - using default POIXMLDocumentPart for http://schemas.openxmlformats.org/officeDocument/2006/relationships/printerSettings
13:04:50.253 [main] DEBUG org.apache.poi.openxml4j.opc.PackageRelationshipCollection - Parsing relationship: /xl/_rels/workbook.xml.rels
13:04:50.255 [main] DEBUG org.apache.poi.openxml4j.opc.PackageRelationshipCollection - Parsing relationship: /xl/worksheets/_rels/sheet1.xml.rels
13:04:50.256 [main] DEBUG org.apache.poi.openxml4j.opc.PackageRelationshipCollection - Parsing relationship: /_rels/.rels
13:04:50.266 [main] DEBUG org.apache.poi.ooxml.POIXMLFactory - using default POIXMLDocumentPart for http://schemas.openxmlformats.org/officeDocument/2006/relationships/printerSettings
13:04:50.285 [main] INFO  testCases.TC003_LoginDDT - ********* Started TC003_LoginDDT ***********
13:04:50.488 [main] INFO  testCases.TC003_LoginDDT - 
13:04:53.467 [main] INFO  testCases.TC003_LoginDDT - ********* Finished TC003_LoginDDT ***********
13:04:53.494 [main] INFO  testCases.TC003_LoginDDT - ********* Started TC003_LoginDDT ***********
13:04:53.637 [main] INFO  testCases.TC003_LoginDDT - 
13:05:05.135 [main] INFO  testCases.TC003_LoginDDT - ********* Started TC003_LoginDDT ***********
13:05:05.301 [main] INFO  testCases.TC003_LoginDDT - 
13:05:16.429 [main] INFO  testCases.TC003_LoginDDT - ********* Started TC003_LoginDDT ***********
13:05:16.560 [main] INFO  testCases.TC003_LoginDDT - 
13:05:27.465 [main] INFO  testCases.TC003_LoginDDT - ********* Finished TC003_LoginDDT ***********
13:05:27.479 [main] INFO  testCases.TC003_LoginDDT - ********* Started TC003_LoginDDT ***********
13:05:27.613 [main] INFO  testCases.TC003_LoginDDT - 
13:05:29.803 [main] INFO  testCases.TC003_LoginDDT - ********* Finished TC003_LoginDDT ***********
13:05:29.811 [main] INFO  testCases.TC003_LoginDDT - ********* Started TC003_LoginDDT ***********
13:05:29.937 [main] INFO  testCases.TC003_LoginDDT - 
13:05:40.875 [main] INFO  testCases.TC003_LoginDDT - ********* Finished TC003_LoginDDT ***********
13:12:38.478 [main] DEBUG org.testng.TestNG - suiteXmlPath: "C:\Users\USER\eclipse-workspace\SeleniumWebDriver\OpencartV121\grouping.xml"
13:12:40.433 [main] INFO  org.testng.internal.Utils - [TestNG] Running:
  C:\Users\USER\eclipse-workspace\SeleniumWebDriver\OpencartV121\grouping.xml

13:12:51.137 [main] INFO  testCases.TC001_AccountRegistrationTest - ****** Started TC001_AccountRegistrationTest ******
13:12:51.451 [main] INFO  testCases.TC001_AccountRegistrationTest - Clicked Myaccount...
13:12:52.089 [main] INFO  testCases.TC001_AccountRegistrationTest - Clicked MyRegister...
13:12:52.089 [main] INFO  testCases.TC001_AccountRegistrationTest - Providing customer details...
13:12:52.947 [main] INFO  testCases.TC001_AccountRegistrationTest - Validating Expected message...
13:12:53.943 [main] INFO  testCases.TC001_AccountRegistrationTest - ****** Fineshed TC001_AccountRegistrationTest ******
13:13:01.324 [main] INFO  testCases.TC002_LoginTest - ******* Started TC002_LoginTest ********
13:13:01.550 [main] INFO  testCases.TC002_LoginTest - Clicked Myaccount...
13:13:02.284 [main] INFO  testCases.TC002_LoginTest - Clicked login button...
13:13:02.284 [main] INFO  testCases.TC002_LoginTest - Providing login details...
13:13:02.894 [main] INFO  testCases.TC002_LoginTest - Account signIn
13:13:02.894 [main] INFO  testCases.TC002_LoginTest - Validated Myaccount page
13:13:03.793 [main] INFO  testCases.TC002_LoginTest - ******* Ended TC002_LoginTest ********
13:13:11.105 [main] DEBUG org.apache.poi.openxml4j.opc.PackageRelationshipCollection - Parsing relationship: /xl/_rels/workbook.xml.rels
13:13:11.114 [main] DEBUG org.apache.poi.openxml4j.opc.PackageRelationshipCollection - Parsing relationship: /xl/worksheets/_rels/sheet1.xml.rels
13:13:11.124 [main] DEBUG org.apache.poi.openxml4j.opc.PackageRelationshipCollection - Parsing relationship: /_rels/.rels
13:13:12.146 [main] DEBUG org.apache.poi.ooxml.POIXMLFactory - using default POIXMLDocumentPart for http://schemas.openxmlformats.org/officeDocument/2006/relationships/printerSettings
13:13:12.320 [main] DEBUG org.apache.poi.openxml4j.opc.PackageRelationshipCollection - Parsing relationship: /xl/_rels/workbook.xml.rels
13:13:12.322 [main] DEBUG org.apache.poi.openxml4j.opc.PackageRelationshipCollection - Parsing relationship: /xl/worksheets/_rels/sheet1.xml.rels
13:13:12.329 [main] DEBUG org.apache.poi.openxml4j.opc.PackageRelationshipCollection - Parsing relationship: /_rels/.rels
13:13:12.356 [main] DEBUG org.apache.poi.ooxml.POIXMLFactory - using default POIXMLDocumentPart for http://schemas.openxmlformats.org/officeDocument/2006/relationships/printerSettings
13:13:12.396 [main] DEBUG org.apache.poi.openxml4j.opc.PackageRelationshipCollection - Parsing relationship: /xl/_rels/workbook.xml.rels
13:13:12.398 [main] DEBUG org.apache.poi.openxml4j.opc.PackageRelationshipCollection - Parsing relationship: /xl/worksheets/_rels/sheet1.xml.rels
13:13:12.401 [main] DEBUG org.apache.poi.openxml4j.opc.PackageRelationshipCollection - Parsing relationship: /_rels/.rels
13:13:12.423 [main] DEBUG org.apache.poi.ooxml.POIXMLFactory - using default POIXMLDocumentPart for http://schemas.openxmlformats.org/officeDocument/2006/relationships/printerSettings
13:13:12.471 [main] DEBUG org.apache.poi.openxml4j.opc.PackageRelationshipCollection - Parsing relationship: /xl/_rels/workbook.xml.rels
13:13:12.473 [main] DEBUG org.apache.poi.openxml4j.opc.PackageRelationshipCollection - Parsing relationship: /xl/worksheets/_rels/sheet1.xml.rels
13:13:12.478 [main] DEBUG org.apache.poi.openxml4j.opc.PackageRelationshipCollection - Parsing relationship: /_rels/.rels
13:13:12.522 [main] DEBUG org.apache.poi.ooxml.POIXMLFactory - using default POIXMLDocumentPart for http://schemas.openxmlformats.org/officeDocument/2006/relationships/printerSettings
13:13:12.556 [main] DEBUG org.apache.poi.openxml4j.opc.PackageRelationshipCollection - Parsing relationship: /xl/_rels/workbook.xml.rels
13:13:12.561 [main] DEBUG org.apache.poi.openxml4j.opc.PackageRelationshipCollection - Parsing relationship: /xl/worksheets/_rels/sheet1.xml.rels
13:13:12.563 [main] DEBUG org.apache.poi.openxml4j.opc.PackageRelationshipCollection - Parsing relationship: /_rels/.rels
13:13:12.800 [main] DEBUG org.apache.poi.ooxml.POIXMLFactory - using default POIXMLDocumentPart for http://schemas.openxmlformats.org/officeDocument/2006/relationships/printerSettings
13:13:12.882 [main] DEBUG org.apache.poi.openxml4j.opc.PackageRelationshipCollection - Parsing relationship: /xl/_rels/workbook.xml.rels
13:13:12.883 [main] DEBUG org.apache.poi.openxml4j.opc.PackageRelationshipCollection - Parsing relationship: /xl/worksheets/_rels/sheet1.xml.rels
13:13:12.885 [main] DEBUG org.apache.poi.openxml4j.opc.PackageRelationshipCollection - Parsing relationship: /_rels/.rels
13:13:12.919 [main] DEBUG org.apache.poi.ooxml.POIXMLFactory - using default POIXMLDocumentPart for http://schemas.openxmlformats.org/officeDocument/2006/relationships/printerSettings
13:13:12.966 [main] DEBUG org.apache.poi.openxml4j.opc.PackageRelationshipCollection - Parsing relationship: /xl/_rels/workbook.xml.rels
13:13:12.968 [main] DEBUG org.apache.poi.openxml4j.opc.PackageRelationshipCollection - Parsing relationship: /xl/worksheets/_rels/sheet1.xml.rels
13:13:12.970 [main] DEBUG org.apache.poi.openxml4j.opc.PackageRelationshipCollection - Parsing relationship: /_rels/.rels
13:13:12.988 [main] DEBUG org.apache.poi.ooxml.POIXMLFactory - using default POIXMLDocumentPart for http://schemas.openxmlformats.org/officeDocument/2006/relationships/printerSettings
13:13:13.044 [main] DEBUG org.apache.poi.openxml4j.opc.PackageRelationshipCollection - Parsing relationship: /xl/_rels/workbook.xml.rels
13:13:13.045 [main] DEBUG org.apache.poi.openxml4j.opc.PackageRelationshipCollection - Parsing relationship: /xl/worksheets/_rels/sheet1.xml.rels
13:13:13.047 [main] DEBUG org.apache.poi.openxml4j.opc.PackageRelationshipCollection - Parsing relationship: /_rels/.rels
13:13:13.068 [main] DEBUG org.apache.poi.ooxml.POIXMLFactory - using default POIXMLDocumentPart for http://schemas.openxmlformats.org/officeDocument/2006/relationships/printerSettings
13:13:13.100 [main] DEBUG org.apache.poi.openxml4j.opc.PackageRelationshipCollection - Parsing relationship: /xl/_rels/workbook.xml.rels
13:13:13.102 [main] DEBUG org.apache.poi.openxml4j.opc.PackageRelationshipCollection - Parsing relationship: /xl/worksheets/_rels/sheet1.xml.rels
13:13:13.105 [main] DEBUG org.apache.poi.openxml4j.opc.PackageRelationshipCollection - Parsing relationship: /_rels/.rels
13:13:13.132 [main] DEBUG org.apache.poi.ooxml.POIXMLFactory - using default POIXMLDocumentPart for http://schemas.openxmlformats.org/officeDocument/2006/relationships/printerSettings
13:13:13.182 [main] DEBUG org.apache.poi.openxml4j.opc.PackageRelationshipCollection - Parsing relationship: /xl/_rels/workbook.xml.rels
13:13:13.183 [main] DEBUG org.apache.poi.openxml4j.opc.PackageRelationshipCollection - Parsing relationship: /xl/worksheets/_rels/sheet1.xml.rels
13:13:13.184 [main] DEBUG org.apache.poi.openxml4j.opc.PackageRelationshipCollection - Parsing relationship: /_rels/.rels
13:13:13.222 [main] DEBUG org.apache.poi.ooxml.POIXMLFactory - using default POIXMLDocumentPart for http://schemas.openxmlformats.org/officeDocument/2006/relationships/printerSettings
13:13:13.299 [main] DEBUG org.apache.poi.openxml4j.opc.PackageRelationshipCollection - Parsing relationship: /xl/_rels/workbook.xml.rels
13:13:13.301 [main] DEBUG org.apache.poi.openxml4j.opc.PackageRelationshipCollection - Parsing relationship: /xl/worksheets/_rels/sheet1.xml.rels
13:13:13.302 [main] DEBUG org.apache.poi.openxml4j.opc.PackageRelationshipCollection - Parsing relationship: /_rels/.rels
13:13:13.328 [main] DEBUG org.apache.poi.ooxml.POIXMLFactory - using default POIXMLDocumentPart for http://schemas.openxmlformats.org/officeDocument/2006/relationships/printerSettings
13:13:13.419 [main] DEBUG org.apache.poi.openxml4j.opc.PackageRelationshipCollection - Parsing relationship: /xl/_rels/workbook.xml.rels
13:13:13.421 [main] DEBUG org.apache.poi.openxml4j.opc.PackageRelationshipCollection - Parsing relationship: /xl/worksheets/_rels/sheet1.xml.rels
13:13:13.426 [main] DEBUG org.apache.poi.openxml4j.opc.PackageRelationshipCollection - Parsing relationship: /_rels/.rels
13:13:13.447 [main] DEBUG org.apache.poi.ooxml.POIXMLFactory - using default POIXMLDocumentPart for http://schemas.openxmlformats.org/officeDocument/2006/relationships/printerSettings
13:13:13.486 [main] DEBUG org.apache.poi.openxml4j.opc.PackageRelationshipCollection - Parsing relationship: /xl/_rels/workbook.xml.rels
13:13:13.488 [main] DEBUG org.apache.poi.openxml4j.opc.PackageRelationshipCollection - Parsing relationship: /xl/worksheets/_rels/sheet1.xml.rels
13:13:13.493 [main] DEBUG org.apache.poi.openxml4j.opc.PackageRelationshipCollection - Parsing relationship: /_rels/.rels
13:13:13.517 [main] DEBUG org.apache.poi.ooxml.POIXMLFactory - using default POIXMLDocumentPart for http://schemas.openxmlformats.org/officeDocument/2006/relationships/printerSettings
13:13:13.560 [main] DEBUG org.apache.poi.openxml4j.opc.PackageRelationshipCollection - Parsing relationship: /xl/_rels/workbook.xml.rels
13:13:13.564 [main] DEBUG org.apache.poi.openxml4j.opc.PackageRelationshipCollection - Parsing relationship: /xl/worksheets/_rels/sheet1.xml.rels
13:13:13.565 [main] DEBUG org.apache.poi.openxml4j.opc.PackageRelationshipCollection - Parsing relationship: /_rels/.rels
13:13:13.583 [main] DEBUG org.apache.poi.ooxml.POIXMLFactory - using default POIXMLDocumentPart for http://schemas.openxmlformats.org/officeDocument/2006/relationships/printerSettings
13:13:13.635 [main] DEBUG org.apache.poi.openxml4j.opc.PackageRelationshipCollection - Parsing relationship: /xl/_rels/workbook.xml.rels
13:13:13.638 [main] DEBUG org.apache.poi.openxml4j.opc.PackageRelationshipCollection - Parsing relationship: /xl/worksheets/_rels/sheet1.xml.rels
13:13:13.643 [main] DEBUG org.apache.poi.openxml4j.opc.PackageRelationshipCollection - Parsing relationship: /_rels/.rels
13:13:13.663 [main] DEBUG org.apache.poi.ooxml.POIXMLFactory - using default POIXMLDocumentPart for http://schemas.openxmlformats.org/officeDocument/2006/relationships/printerSettings
13:13:13.787 [main] DEBUG org.apache.poi.openxml4j.opc.PackageRelationshipCollection - Parsing relationship: /xl/_rels/workbook.xml.rels
13:13:13.814 [main] DEBUG org.apache.poi.openxml4j.opc.PackageRelationshipCollection - Parsing relationship: /xl/worksheets/_rels/sheet1.xml.rels
13:13:13.817 [main] DEBUG org.apache.poi.openxml4j.opc.PackageRelationshipCollection - Parsing relationship: /_rels/.rels
13:13:13.846 [main] DEBUG org.apache.poi.ooxml.POIXMLFactory - using default POIXMLDocumentPart for http://schemas.openxmlformats.org/officeDocument/2006/relationships/printerSettings
13:13:13.891 [main] DEBUG org.apache.poi.openxml4j.opc.PackageRelationshipCollection - Parsing relationship: /xl/_rels/workbook.xml.rels
13:13:13.893 [main] DEBUG org.apache.poi.openxml4j.opc.PackageRelationshipCollection - Parsing relationship: /xl/worksheets/_rels/sheet1.xml.rels
13:13:13.894 [main] DEBUG org.apache.poi.openxml4j.opc.PackageRelationshipCollection - Parsing relationship: /_rels/.rels
13:13:13.908 [main] DEBUG org.apache.poi.ooxml.POIXMLFactory - using default POIXMLDocumentPart for http://schemas.openxmlformats.org/officeDocument/2006/relationships/printerSettings
13:13:13.935 [main] DEBUG org.apache.poi.openxml4j.opc.PackageRelationshipCollection - Parsing relationship: /xl/_rels/workbook.xml.rels
13:13:13.943 [main] DEBUG org.apache.poi.openxml4j.opc.PackageRelationshipCollection - Parsing relationship: /xl/worksheets/_rels/sheet1.xml.rels
13:13:13.944 [main] DEBUG org.apache.poi.openxml4j.opc.PackageRelationshipCollection - Parsing relationship: /_rels/.rels
13:13:13.962 [main] DEBUG org.apache.poi.ooxml.POIXMLFactory - using default POIXMLDocumentPart for http://schemas.openxmlformats.org/officeDocument/2006/relationships/printerSettings
13:13:13.994 [main] DEBUG org.apache.poi.openxml4j.opc.PackageRelationshipCollection - Parsing relationship: /xl/_rels/workbook.xml.rels
13:13:13.996 [main] DEBUG org.apache.poi.openxml4j.opc.PackageRelationshipCollection - Parsing relationship: /xl/worksheets/_rels/sheet1.xml.rels
13:13:13.997 [main] DEBUG org.apache.poi.openxml4j.opc.PackageRelationshipCollection - Parsing relationship: /_rels/.rels
13:13:14.043 [main] DEBUG org.apache.poi.ooxml.POIXMLFactory - using default POIXMLDocumentPart for http://schemas.openxmlformats.org/officeDocument/2006/relationships/printerSettings
13:13:14.068 [main] DEBUG org.apache.poi.openxml4j.opc.PackageRelationshipCollection - Parsing relationship: /xl/_rels/workbook.xml.rels
13:13:14.069 [main] DEBUG org.apache.poi.openxml4j.opc.PackageRelationshipCollection - Parsing relationship: /xl/worksheets/_rels/sheet1.xml.rels
13:13:14.071 [main] DEBUG org.apache.poi.openxml4j.opc.PackageRelationshipCollection - Parsing relationship: /_rels/.rels
13:13:14.097 [main] DEBUG org.apache.poi.ooxml.POIXMLFactory - using default POIXMLDocumentPart for http://schemas.openxmlformats.org/officeDocument/2006/relationships/printerSettings
13:13:14.132 [main] INFO  testCases.TC003_LoginDDT - ********* Started TC003_LoginDDT ***********
13:13:14.410 [main] INFO  testCases.TC003_LoginDDT - 
13:13:19.339 [main] INFO  testCases.TC003_LoginDDT - ********* Finished TC003_LoginDDT ***********
13:13:19.354 [main] INFO  testCases.TC003_LoginDDT - ********* Started TC003_LoginDDT ***********
13:13:19.542 [main] INFO  testCases.TC003_LoginDDT - 
13:13:31.468 [main] INFO  testCases.TC003_LoginDDT - ********* Started TC003_LoginDDT ***********
13:13:31.785 [main] INFO  testCases.TC003_LoginDDT - 
13:13:43.285 [main] INFO  testCases.TC003_LoginDDT - ********* Started TC003_LoginDDT ***********
13:13:43.427 [main] INFO  testCases.TC003_LoginDDT - 
13:13:54.625 [main] INFO  testCases.TC003_LoginDDT - ********* Finished TC003_LoginDDT ***********
13:13:54.635 [main] INFO  testCases.TC003_LoginDDT - ********* Started TC003_LoginDDT ***********
13:13:54.784 [main] INFO  testCases.TC003_LoginDDT - 
13:13:57.281 [main] INFO  testCases.TC003_LoginDDT - ********* Finished TC003_LoginDDT ***********
13:13:57.293 [main] INFO  testCases.TC003_LoginDDT - ********* Started TC003_LoginDDT ***********
13:13:57.443 [main] INFO  testCases.TC003_LoginDDT - 
13:14:08.496 [main] INFO  testCases.TC003_LoginDDT - ********* Finished TC003_LoginDDT ***********
13:22:00.662 [main] DEBUG org.testng.TestNG - suiteXmlPath: "C:\Users\USER\eclipse-workspace\SeleniumWebDriver\OpencartV121\master.xml"
13:22:01.661 [main] INFO  org.testng.internal.Utils - [TestNG] Running:
  C:\Users\USER\eclipse-workspace\SeleniumWebDriver\OpencartV121\master.xml

13:22:09.206 [main] INFO  testCases.TC001_AccountRegistrationTest - ****** Started TC001_AccountRegistrationTest ******
13:22:09.463 [main] INFO  testCases.TC001_AccountRegistrationTest - Clicked Myaccount...
13:22:10.472 [main] INFO  testCases.TC001_AccountRegistrationTest - Clicked MyRegister...
13:22:10.472 [main] INFO  testCases.TC001_AccountRegistrationTest - Providing customer details...
13:22:11.287 [main] INFO  testCases.TC001_AccountRegistrationTest - Validating Expected message...
13:22:12.518 [main] INFO  testCases.TC001_AccountRegistrationTest - ****** Fineshed TC001_AccountRegistrationTest ******
13:22:18.210 [main] INFO  testCases.TC002_LoginTest - ******* Started TC002_LoginTest ********
13:22:18.782 [main] INFO  testCases.TC002_LoginTest - Clicked Myaccount...
13:22:19.678 [main] INFO  testCases.TC002_LoginTest - Clicked login button...
13:22:19.679 [main] INFO  testCases.TC002_LoginTest - Providing login details...
13:22:20.302 [main] INFO  testCases.TC002_LoginTest - Account signIn
13:22:20.302 [main] INFO  testCases.TC002_LoginTest - Validated Myaccount page
13:24:19.339 [main] DEBUG org.testng.TestNG - suiteXmlPath: "C:\Users\USER\eclipse-workspace\SeleniumWebDriver\OpencartV121\test-output\testng-failed.xml"
13:24:20.229 [main] INFO  org.testng.internal.Utils - [TestNG] Running:
  C:\Users\USER\eclipse-workspace\SeleniumWebDriver\OpencartV121\test-output\testng-failed.xml

13:24:29.062 [main] INFO  testCases.TC002_LoginTest - ******* Started TC002_LoginTest ********
13:24:29.404 [main] INFO  testCases.TC002_LoginTest - Clicked Myaccount...
13:24:30.085 [main] INFO  testCases.TC002_LoginTest - Clicked login button...
13:24:30.086 [main] INFO  testCases.TC002_LoginTest - Providing login details...
13:24:30.684 [main] INFO  testCases.TC002_LoginTest - Account signIn
13:24:30.684 [main] INFO  testCases.TC002_LoginTest - Validated Myaccount page
13:24:31.874 [main] INFO  testCases.TC002_LoginTest - ******* Ended TC002_LoginTest ********
13:26:11.041 [main] DEBUG org.testng.TestNG - suiteXmlPath: "C:\Users\USER\eclipse-workspace\SeleniumWebDriver\OpencartV121\master.xml"
13:26:12.014 [main] INFO  org.testng.internal.Utils - [TestNG] Running:
  C:\Users\USER\eclipse-workspace\SeleniumWebDriver\OpencartV121\master.xml

13:26:18.456 [main] INFO  testCases.TC001_AccountRegistrationTest - ****** Started TC001_AccountRegistrationTest ******
13:26:18.735 [main] INFO  testCases.TC001_AccountRegistrationTest - Clicked Myaccount...
13:26:19.436 [main] INFO  testCases.TC001_AccountRegistrationTest - Clicked MyRegister...
13:26:19.436 [main] INFO  testCases.TC001_AccountRegistrationTest - Providing customer details...
13:26:20.241 [main] INFO  testCases.TC001_AccountRegistrationTest - Validating Expected message...
13:26:21.153 [main] ERROR testCases.TC001_AccountRegistrationTest - Test failed...
13:26:21.153 [main] DEBUG testCases.TC001_AccountRegistrationTest - debug logs...
13:26:26.991 [main] INFO  testCases.TC002_LoginTest - ******* Started TC002_LoginTest ********
13:26:27.191 [main] INFO  testCases.TC002_LoginTest - Clicked Myaccount...
13:26:27.765 [main] INFO  testCases.TC002_LoginTest - Clicked login button...
13:26:27.766 [main] INFO  testCases.TC002_LoginTest - Providing login details...
13:26:28.319 [main] INFO  testCases.TC002_LoginTest - Account signIn
13:26:28.320 [main] INFO  testCases.TC002_LoginTest - Validated Myaccount page
13:26:28.959 [main] INFO  testCases.TC002_LoginTest - ******* Ended TC002_LoginTest ********
13:28:06.837 [main] DEBUG org.testng.TestNG - suiteXmlPath: "C:\Users\USER\eclipse-workspace\SeleniumWebDriver\OpencartV121\test-output\testng-failed.xml"
13:28:07.666 [main] INFO  org.testng.internal.Utils - [TestNG] Running:
  C:\Users\USER\eclipse-workspace\SeleniumWebDriver\OpencartV121\test-output\testng-failed.xml

13:28:13.388 [main] INFO  testCases.TC001_AccountRegistrationTest - ****** Started TC001_AccountRegistrationTest ******
13:28:13.681 [main] INFO  testCases.TC001_AccountRegistrationTest - Clicked Myaccount...
13:28:14.415 [main] INFO  testCases.TC001_AccountRegistrationTest - Clicked MyRegister...
13:28:14.415 [main] INFO  testCases.TC001_AccountRegistrationTest - Providing customer details...
13:28:15.332 [main] INFO  testCases.TC001_AccountRegistrationTest - Validating Expected message...
13:28:16.325 [main] INFO  testCases.TC001_AccountRegistrationTest - ****** Fineshed TC001_AccountRegistrationTest ******
13:31:11.510 [main] DEBUG org.testng.TestNG - suiteXmlPath: "C:\Users\USER\eclipse-workspace\SeleniumWebDriver\OpencartV121\grouping.xml"
13:31:12.755 [main] INFO  org.testng.internal.Utils - [TestNG] Running:
  C:\Users\USER\eclipse-workspace\SeleniumWebDriver\OpencartV121\grouping.xml

13:31:23.071 [main] INFO  testCases.TC001_AccountRegistrationTest - ****** Started TC001_AccountRegistrationTest ******
13:31:23.323 [main] INFO  testCases.TC001_AccountRegistrationTest - Clicked Myaccount...
13:31:24.254 [main] INFO  testCases.TC001_AccountRegistrationTest - Clicked MyRegister...
13:31:24.254 [main] INFO  testCases.TC001_AccountRegistrationTest - Providing customer details...
13:31:25.182 [main] INFO  testCases.TC001_AccountRegistrationTest - Validating Expected message...
13:31:26.127 [main] INFO  testCases.TC001_AccountRegistrationTest - ****** Fineshed TC001_AccountRegistrationTest ******
13:31:31.996 [main] INFO  testCases.TC002_LoginTest - ******* Started TC002_LoginTest ********
13:31:32.201 [main] INFO  testCases.TC002_LoginTest - Clicked Myaccount...
13:31:32.737 [main] INFO  testCases.TC002_LoginTest - Clicked login button...
13:31:32.737 [main] INFO  testCases.TC002_LoginTest - Providing login details...
13:31:33.291 [main] INFO  testCases.TC002_LoginTest - Account signIn
13:31:33.292 [main] INFO  testCases.TC002_LoginTest - Validated Myaccount page
13:31:33.921 [main] INFO  testCases.TC002_LoginTest - ******* Ended TC002_LoginTest ********
13:31:40.274 [main] DEBUG org.apache.poi.openxml4j.opc.PackageRelationshipCollection - Parsing relationship: /xl/_rels/workbook.xml.rels
13:31:40.278 [main] DEBUG org.apache.poi.openxml4j.opc.PackageRelationshipCollection - Parsing relationship: /xl/worksheets/_rels/sheet1.xml.rels
13:31:40.284 [main] DEBUG org.apache.poi.openxml4j.opc.PackageRelationshipCollection - Parsing relationship: /_rels/.rels
13:31:41.078 [main] DEBUG org.apache.poi.ooxml.POIXMLFactory - using default POIXMLDocumentPart for http://schemas.openxmlformats.org/officeDocument/2006/relationships/printerSettings
13:31:41.286 [main] DEBUG org.apache.poi.openxml4j.opc.PackageRelationshipCollection - Parsing relationship: /xl/_rels/workbook.xml.rels
13:31:41.288 [main] DEBUG org.apache.poi.openxml4j.opc.PackageRelationshipCollection - Parsing relationship: /xl/worksheets/_rels/sheet1.xml.rels
13:31:41.291 [main] DEBUG org.apache.poi.openxml4j.opc.PackageRelationshipCollection - Parsing relationship: /_rels/.rels
13:31:41.338 [main] DEBUG org.apache.poi.ooxml.POIXMLFactory - using default POIXMLDocumentPart for http://schemas.openxmlformats.org/officeDocument/2006/relationships/printerSettings
13:31:41.448 [main] DEBUG org.apache.poi.openxml4j.opc.PackageRelationshipCollection - Parsing relationship: /xl/_rels/workbook.xml.rels
13:31:41.451 [main] DEBUG org.apache.poi.openxml4j.opc.PackageRelationshipCollection - Parsing relationship: /xl/worksheets/_rels/sheet1.xml.rels
13:31:41.457 [main] DEBUG org.apache.poi.openxml4j.opc.PackageRelationshipCollection - Parsing relationship: /_rels/.rels
13:31:41.487 [main] DEBUG org.apache.poi.ooxml.POIXMLFactory - using default POIXMLDocumentPart for http://schemas.openxmlformats.org/officeDocument/2006/relationships/printerSettings
13:31:41.544 [main] DEBUG org.apache.poi.openxml4j.opc.PackageRelationshipCollection - Parsing relationship: /xl/_rels/workbook.xml.rels
13:31:41.546 [main] DEBUG org.apache.poi.openxml4j.opc.PackageRelationshipCollection - Parsing relationship: /xl/worksheets/_rels/sheet1.xml.rels
13:31:41.551 [main] DEBUG org.apache.poi.openxml4j.opc.PackageRelationshipCollection - Parsing relationship: /_rels/.rels
13:31:41.585 [main] DEBUG org.apache.poi.ooxml.POIXMLFactory - using default POIXMLDocumentPart for http://schemas.openxmlformats.org/officeDocument/2006/relationships/printerSettings
13:31:41.629 [main] DEBUG org.apache.poi.openxml4j.opc.PackageRelationshipCollection - Parsing relationship: /xl/_rels/workbook.xml.rels
13:31:41.630 [main] DEBUG org.apache.poi.openxml4j.opc.PackageRelationshipCollection - Parsing relationship: /xl/worksheets/_rels/sheet1.xml.rels
13:31:41.635 [main] DEBUG org.apache.poi.openxml4j.opc.PackageRelationshipCollection - Parsing relationship: /_rels/.rels
13:31:41.660 [main] DEBUG org.apache.poi.ooxml.POIXMLFactory - using default POIXMLDocumentPart for http://schemas.openxmlformats.org/officeDocument/2006/relationships/printerSettings
13:31:41.694 [main] DEBUG org.apache.poi.openxml4j.opc.PackageRelationshipCollection - Parsing relationship: /xl/_rels/workbook.xml.rels
13:31:41.695 [main] DEBUG org.apache.poi.openxml4j.opc.PackageRelationshipCollection - Parsing relationship: /xl/worksheets/_rels/sheet1.xml.rels
13:31:41.697 [main] DEBUG org.apache.poi.openxml4j.opc.PackageRelationshipCollection - Parsing relationship: /_rels/.rels
13:31:41.727 [main] DEBUG org.apache.poi.ooxml.POIXMLFactory - using default POIXMLDocumentPart for http://schemas.openxmlformats.org/officeDocument/2006/relationships/printerSettings
13:31:41.761 [main] DEBUG org.apache.poi.openxml4j.opc.PackageRelationshipCollection - Parsing relationship: /xl/_rels/workbook.xml.rels
13:31:41.763 [main] DEBUG org.apache.poi.openxml4j.opc.PackageRelationshipCollection - Parsing relationship: /xl/worksheets/_rels/sheet1.xml.rels
13:31:41.765 [main] DEBUG org.apache.poi.openxml4j.opc.PackageRelationshipCollection - Parsing relationship: /_rels/.rels
13:31:41.785 [main] DEBUG org.apache.poi.ooxml.POIXMLFactory - using default POIXMLDocumentPart for http://schemas.openxmlformats.org/officeDocument/2006/relationships/printerSettings
13:31:41.823 [main] DEBUG org.apache.poi.openxml4j.opc.PackageRelationshipCollection - Parsing relationship: /xl/_rels/workbook.xml.rels
13:31:41.825 [main] DEBUG org.apache.poi.openxml4j.opc.PackageRelationshipCollection - Parsing relationship: /xl/worksheets/_rels/sheet1.xml.rels
13:31:41.826 [main] DEBUG org.apache.poi.openxml4j.opc.PackageRelationshipCollection - Parsing relationship: /_rels/.rels
13:31:41.858 [main] DEBUG org.apache.poi.ooxml.POIXMLFactory - using default POIXMLDocumentPart for http://schemas.openxmlformats.org/officeDocument/2006/relationships/printerSettings
13:31:41.899 [main] DEBUG org.apache.poi.openxml4j.opc.PackageRelationshipCollection - Parsing relationship: /xl/_rels/workbook.xml.rels
13:31:41.901 [main] DEBUG org.apache.poi.openxml4j.opc.PackageRelationshipCollection - Parsing relationship: /xl/worksheets/_rels/sheet1.xml.rels
13:31:41.902 [main] DEBUG org.apache.poi.openxml4j.opc.PackageRelationshipCollection - Parsing relationship: /_rels/.rels
13:31:41.922 [main] DEBUG org.apache.poi.ooxml.POIXMLFactory - using default POIXMLDocumentPart for http://schemas.openxmlformats.org/officeDocument/2006/relationships/printerSettings
13:31:41.985 [main] DEBUG org.apache.poi.openxml4j.opc.PackageRelationshipCollection - Parsing relationship: /xl/_rels/workbook.xml.rels
13:31:41.986 [main] DEBUG org.apache.poi.openxml4j.opc.PackageRelationshipCollection - Parsing relationship: /xl/worksheets/_rels/sheet1.xml.rels
13:31:41.989 [main] DEBUG org.apache.poi.openxml4j.opc.PackageRelationshipCollection - Parsing relationship: /_rels/.rels
13:31:42.013 [main] DEBUG org.apache.poi.ooxml.POIXMLFactory - using default POIXMLDocumentPart for http://schemas.openxmlformats.org/officeDocument/2006/relationships/printerSettings
13:31:42.062 [main] DEBUG org.apache.poi.openxml4j.opc.PackageRelationshipCollection - Parsing relationship: /xl/_rels/workbook.xml.rels
13:31:42.064 [main] DEBUG org.apache.poi.openxml4j.opc.PackageRelationshipCollection - Parsing relationship: /xl/worksheets/_rels/sheet1.xml.rels
13:31:42.067 [main] DEBUG org.apache.poi.openxml4j.opc.PackageRelationshipCollection - Parsing relationship: /_rels/.rels
13:31:42.086 [main] DEBUG org.apache.poi.ooxml.POIXMLFactory - using default POIXMLDocumentPart for http://schemas.openxmlformats.org/officeDocument/2006/relationships/printerSettings
13:31:42.133 [main] DEBUG org.apache.poi.openxml4j.opc.PackageRelationshipCollection - Parsing relationship: /xl/_rels/workbook.xml.rels
13:31:42.135 [main] DEBUG org.apache.poi.openxml4j.opc.PackageRelationshipCollection - Parsing relationship: /xl/worksheets/_rels/sheet1.xml.rels
13:31:42.137 [main] DEBUG org.apache.poi.openxml4j.opc.PackageRelationshipCollection - Parsing relationship: /_rels/.rels
13:31:42.332 [main] DEBUG org.apache.poi.ooxml.POIXMLFactory - using default POIXMLDocumentPart for http://schemas.openxmlformats.org/officeDocument/2006/relationships/printerSettings
13:31:42.368 [main] DEBUG org.apache.poi.openxml4j.opc.PackageRelationshipCollection - Parsing relationship: /xl/_rels/workbook.xml.rels
13:31:42.370 [main] DEBUG org.apache.poi.openxml4j.opc.PackageRelationshipCollection - Parsing relationship: /xl/worksheets/_rels/sheet1.xml.rels
13:31:42.453 [main] DEBUG org.apache.poi.openxml4j.opc.PackageRelationshipCollection - Parsing relationship: /_rels/.rels
13:31:42.487 [main] DEBUG org.apache.poi.ooxml.POIXMLFactory - using default POIXMLDocumentPart for http://schemas.openxmlformats.org/officeDocument/2006/relationships/printerSettings
13:31:42.645 [main] DEBUG org.apache.poi.openxml4j.opc.PackageRelationshipCollection - Parsing relationship: /xl/_rels/workbook.xml.rels
13:31:42.651 [main] DEBUG org.apache.poi.openxml4j.opc.PackageRelationshipCollection - Parsing relationship: /xl/worksheets/_rels/sheet1.xml.rels
13:31:42.661 [main] DEBUG org.apache.poi.openxml4j.opc.PackageRelationshipCollection - Parsing relationship: /_rels/.rels
13:31:42.677 [main] DEBUG org.apache.poi.ooxml.POIXMLFactory - using default POIXMLDocumentPart for http://schemas.openxmlformats.org/officeDocument/2006/relationships/printerSettings
13:31:42.828 [main] DEBUG org.apache.poi.openxml4j.opc.PackageRelationshipCollection - Parsing relationship: /xl/_rels/workbook.xml.rels
13:31:42.832 [main] DEBUG org.apache.poi.openxml4j.opc.PackageRelationshipCollection - Parsing relationship: /xl/worksheets/_rels/sheet1.xml.rels
13:31:42.835 [main] DEBUG org.apache.poi.openxml4j.opc.PackageRelationshipCollection - Parsing relationship: /_rels/.rels
13:31:42.895 [main] DEBUG org.apache.poi.ooxml.POIXMLFactory - using default POIXMLDocumentPart for http://schemas.openxmlformats.org/officeDocument/2006/relationships/printerSettings
13:31:42.938 [main] DEBUG org.apache.poi.openxml4j.opc.PackageRelationshipCollection - Parsing relationship: /xl/_rels/workbook.xml.rels
13:31:42.943 [main] DEBUG org.apache.poi.openxml4j.opc.PackageRelationshipCollection - Parsing relationship: /xl/worksheets/_rels/sheet1.xml.rels
13:31:42.947 [main] DEBUG org.apache.poi.openxml4j.opc.PackageRelationshipCollection - Parsing relationship: /_rels/.rels
13:31:42.991 [main] DEBUG org.apache.poi.ooxml.POIXMLFactory - using default POIXMLDocumentPart for http://schemas.openxmlformats.org/officeDocument/2006/relationships/printerSettings
13:31:43.074 [main] DEBUG org.apache.poi.openxml4j.opc.PackageRelationshipCollection - Parsing relationship: /xl/_rels/workbook.xml.rels
13:31:43.075 [main] DEBUG org.apache.poi.openxml4j.opc.PackageRelationshipCollection - Parsing relationship: /xl/worksheets/_rels/sheet1.xml.rels
13:31:43.083 [main] DEBUG org.apache.poi.openxml4j.opc.PackageRelationshipCollection - Parsing relationship: /_rels/.rels
13:31:43.098 [main] DEBUG org.apache.poi.ooxml.POIXMLFactory - using default POIXMLDocumentPart for http://schemas.openxmlformats.org/officeDocument/2006/relationships/printerSettings
13:31:43.179 [main] DEBUG org.apache.poi.openxml4j.opc.PackageRelationshipCollection - Parsing relationship: /xl/_rels/workbook.xml.rels
13:31:43.181 [main] DEBUG org.apache.poi.openxml4j.opc.PackageRelationshipCollection - Parsing relationship: /xl/worksheets/_rels/sheet1.xml.rels
13:31:43.183 [main] DEBUG org.apache.poi.openxml4j.opc.PackageRelationshipCollection - Parsing relationship: /_rels/.rels
13:31:43.197 [main] DEBUG org.apache.poi.ooxml.POIXMLFactory - using default POIXMLDocumentPart for http://schemas.openxmlformats.org/officeDocument/2006/relationships/printerSettings
13:31:43.270 [main] DEBUG org.apache.poi.openxml4j.opc.PackageRelationshipCollection - Parsing relationship: /xl/_rels/workbook.xml.rels
13:31:43.273 [main] DEBUG org.apache.poi.openxml4j.opc.PackageRelationshipCollection - Parsing relationship: /xl/worksheets/_rels/sheet1.xml.rels
13:31:43.274 [main] DEBUG org.apache.poi.openxml4j.opc.PackageRelationshipCollection - Parsing relationship: /_rels/.rels
13:31:43.294 [main] DEBUG org.apache.poi.ooxml.POIXMLFactory - using default POIXMLDocumentPart for http://schemas.openxmlformats.org/officeDocument/2006/relationships/printerSettings
13:31:43.334 [main] DEBUG org.apache.poi.openxml4j.opc.PackageRelationshipCollection - Parsing relationship: /xl/_rels/workbook.xml.rels
13:31:43.336 [main] DEBUG org.apache.poi.openxml4j.opc.PackageRelationshipCollection - Parsing relationship: /xl/worksheets/_rels/sheet1.xml.rels
13:31:43.337 [main] DEBUG org.apache.poi.openxml4j.opc.PackageRelationshipCollection - Parsing relationship: /_rels/.rels
13:31:43.370 [main] DEBUG org.apache.poi.ooxml.POIXMLFactory - using default POIXMLDocumentPart for http://schemas.openxmlformats.org/officeDocument/2006/relationships/printerSettings
13:31:43.427 [main] INFO  testCases.TC003_LoginDDT - ********* Started TC003_LoginDDT ***********
13:31:43.871 [main] INFO  testCases.TC003_LoginDDT - 
13:31:47.698 [main] INFO  testCases.TC003_LoginDDT - ********* Finished TC003_LoginDDT ***********
13:31:47.712 [main] INFO  testCases.TC003_LoginDDT - ********* Started TC003_LoginDDT ***********
13:31:47.903 [main] INFO  testCases.TC003_LoginDDT - 
13:31:59.350 [main] INFO  testCases.TC003_LoginDDT - ********* Started TC003_LoginDDT ***********
13:31:59.502 [main] INFO  testCases.TC003_LoginDDT - 
13:32:10.794 [main] INFO  testCases.TC003_LoginDDT - ********* Started TC003_LoginDDT ***********
13:32:10.979 [main] INFO  testCases.TC003_LoginDDT - 
13:32:22.049 [main] INFO  testCases.TC003_LoginDDT - ********* Finished TC003_LoginDDT ***********
13:32:22.054 [main] INFO  testCases.TC003_LoginDDT - ********* Started TC003_LoginDDT ***********
13:32:22.182 [main] INFO  testCases.TC003_LoginDDT - 
13:32:24.426 [main] INFO  testCases.TC003_LoginDDT - ********* Finished TC003_LoginDDT ***********
13:32:24.444 [main] INFO  testCases.TC003_LoginDDT - ********* Started TC003_LoginDDT ***********
13:32:24.574 [main] INFO  testCases.TC003_LoginDDT - 
13:32:35.686 [main] INFO  testCases.TC003_LoginDDT - ********* Finished TC003_LoginDDT ***********
21:47:58.311 [main] DEBUG org.testng.TestNG - suiteXmlPath: "C:\Users\USER\eclipse-workspace\SeleniumWebDriver\OpencartV121\master.xml"
21:47:59.351 [main] INFO  org.testng.internal.Utils - [TestNG] Running:
  C:\Users\USER\eclipse-workspace\SeleniumWebDriver\OpencartV121\master.xml

21:48:19.113 [main] INFO  testCases.TC001_AccountRegistrationTest - ****** Started TC001_AccountRegistrationTest ******
21:48:20.109 [main] INFO  testCases.TC001_AccountRegistrationTest - Clicked Myaccount...
21:48:22.939 [main] INFO  testCases.TC001_AccountRegistrationTest - Clicked MyRegister...
21:48:22.939 [main] INFO  testCases.TC001_AccountRegistrationTest - Providing customer details...
21:48:24.200 [main] INFO  testCases.TC001_AccountRegistrationTest - Validating Expected message...
21:48:25.947 [main] INFO  testCases.TC001_AccountRegistrationTest - ****** Fineshed TC001_AccountRegistrationTest ******
21:48:34.076 [main] INFO  testCases.TC002_LoginTest - ******* Started TC002_LoginTest ********
21:48:34.294 [main] INFO  testCases.TC002_LoginTest - Clicked Myaccount...
21:48:35.134 [main] INFO  testCases.TC002_LoginTest - Clicked login button...
21:48:35.134 [main] INFO  testCases.TC002_LoginTest - Providing login details...
21:48:35.731 [main] INFO  testCases.TC002_LoginTest - Account signIn
21:48:35.732 [main] INFO  testCases.TC002_LoginTest - Validated Myaccount page
21:48:36.622 [main] INFO  testCases.TC002_LoginTest - ******* Ended TC002_LoginTest ********
21:50:34.820 [main] DEBUG org.testng.TestNG - suiteXmlPath: "C:\Users\USER\eclipse-workspace\SeleniumWebDriver\OpencartV121\master.xml"
21:50:36.654 [main] INFO  org.testng.internal.Utils - [TestNG] Running:
  C:\Users\USER\eclipse-workspace\SeleniumWebDriver\OpencartV121\master.xml

21:50:48.367 [main] INFO  testCases.TC001_AccountRegistrationTest - ****** Started TC001_AccountRegistrationTest ******
21:50:48.652 [main] INFO  testCases.TC001_AccountRegistrationTest - Clicked Myaccount...
21:50:49.423 [main] INFO  testCases.TC001_AccountRegistrationTest - Clicked MyRegister...
21:50:49.423 [main] INFO  testCases.TC001_AccountRegistrationTest - Providing customer details...
21:50:50.434 [main] INFO  testCases.TC001_AccountRegistrationTest - Validating Expected message...
21:50:51.222 [main] INFO  testCases.TC001_AccountRegistrationTest - ****** Fineshed TC001_AccountRegistrationTest ******
21:51:00.183 [main] INFO  testCases.TC002_LoginTest - ******* Started TC002_LoginTest ********
21:51:00.719 [main] INFO  testCases.TC002_LoginTest - Clicked Myaccount...
21:51:01.798 [main] INFO  testCases.TC002_LoginTest - Clicked login button...
21:51:01.798 [main] INFO  testCases.TC002_LoginTest - Providing login details...
21:51:02.405 [main] INFO  testCases.TC002_LoginTest - Account signIn
21:51:02.405 [main] INFO  testCases.TC002_LoginTest - Validated Myaccount page
21:51:03.539 [main] INFO  testCases.TC002_LoginTest - ******* Ended TC002_LoginTest ********
21:52:39.447 [main] DEBUG org.testng.TestNG - suiteXmlPath: "C:\Users\USER\eclipse-workspace\SeleniumWebDriver\OpencartV121\crossbrowsertesting.xml"
21:52:40.649 [main] INFO  org.testng.internal.Utils - [TestNG] Running:
  C:\Users\USER\eclipse-workspace\SeleniumWebDriver\OpencartV121\crossbrowsertesting.xml

21:52:41.792 [TestNG-tests-2] INFO  testCases.TC001_AccountRegistrationTest - ****** Started TC001_AccountRegistrationTest ******
21:53:17.354 [TestNG-tests-1] INFO  testCases.TC001_AccountRegistrationTest - ****** Started TC001_AccountRegistrationTest ******
21:53:19.965 [TestNG-tests-1] INFO  testCases.TC001_AccountRegistrationTest - Clicked Myaccount...
21:53:29.346 [TestNG-tests-1] INFO  testCases.TC001_AccountRegistrationTest - Clicked MyRegister...
21:53:29.346 [TestNG-tests-1] INFO  testCases.TC001_AccountRegistrationTest - Providing customer details...
21:53:36.607 [TestNG-tests-1] INFO  testCases.TC001_AccountRegistrationTest - Validating Expected message...
