21:53:38.639 [TestNG-tests-1] INFO  testCases.TC001_AccountRegistrationTest - ****** Fineshed TC001_AccountRegistrationTest ******
15:44:21.750 [main] DEBUG org.testng.TestNG - suiteXmlPath: "C:\Users\USER\eclipse-workspace\SeleniumWebDriver\OpencartV121\dockerGrid.xml"
15:44:24.248 [main] INFO  org.testng.internal.Utils - [TestNG] Running:
  C:\Users\USER\eclipse-workspace\SeleniumWebDriver\OpencartV121\dockerGrid.xml

15:58:02.608 [main] DEBUG org.testng.TestNG - suiteXmlPath: "C:\Users\USER\eclipse-workspace\SeleniumWebDriver\OpencartV121\dockerGrid.xml"
15:58:10.060 [main] INFO  org.testng.internal.Utils - [TestNG] Running:
  C:\Users\USER\eclipse-workspace\SeleniumWebDriver\OpencartV121\dockerGrid.xml

16:05:28.376 [main] DEBUG org.testng.TestNG - suiteXmlPath: "C:\Users\USER\eclipse-workspace\SeleniumWebDriver\OpencartV121\dockerGrid.xml"
16:05:29.701 [main] INFO  org.testng.internal.Utils - [TestNG] Running:
  C:\Users\USER\eclipse-workspace\SeleniumWebDriver\OpencartV121\dockerGrid.xml

16:06:08.652 [main] INFO  testCases.TC001_AccountRegistrationTest - ****** Started TC001_AccountRegistrationTest ******
16:06:09.817 [main] INFO  testCases.TC001_AccountRegistrationTest - Clicked Myaccount...
16:06:29.507 [main] INFO  testCases.TC002_LoginTest - ******* Started TC002_LoginTest ********
16:06:31.796 [main] INFO  testCases.TC002_LoginTest - Clicked Myaccount...
16:06:32.366 [main] INFO  testCases.TC002_LoginTest - Clicked login button...
16:06:32.367 [main] INFO  testCases.TC002_LoginTest - Providing login details...
16:06:58.513 [main] DEBUG org.testng.TestNG - suiteXmlPath: "C:\Users\USER\eclipse-workspace\SeleniumWebDriver\OpencartV121\dockerGrid.xml"
16:06:59.529 [main] INFO  org.testng.internal.Utils - [TestNG] Running:
  C:\Users\USER\eclipse-workspace\SeleniumWebDriver\OpencartV121\dockerGrid.xml

16:07:11.177 [main] INFO  testCases.TC001_AccountRegistrationTest - ****** Started TC001_AccountRegistrationTest ******
16:07:11.545 [main] INFO  testCases.TC001_AccountRegistrationTest - Clicked Myaccount...
16:07:34.524 [main] INFO  testCases.TC002_LoginTest - ******* Started TC002_LoginTest ********
16:07:34.908 [main] INFO  testCases.TC002_LoginTest - Clicked Myaccount...
16:07:35.327 [main] INFO  testCases.TC002_LoginTest - Clicked login button...
16:07:35.327 [main] INFO  testCases.TC002_LoginTest - Providing login details...
16:09:22.237 [main] DEBUG org.testng.TestNG - suiteXmlPath: "C:\Users\USER\eclipse-workspace\SeleniumWebDriver\OpencartV121\dockerGrid.xml"
16:09:23.360 [main] INFO  org.testng.internal.Utils - [TestNG] Running:
  C:\Users\USER\eclipse-workspace\SeleniumWebDriver\OpencartV121\dockerGrid.xml

16:15:00.595 [main] DEBUG org.testng.TestNG - suiteXmlPath: "C:\Users\USER\eclipse-workspace\SeleniumWebDriver\OpencartV121\master.xml"
16:15:01.678 [main] INFO  org.testng.internal.Utils - [TestNG] Running:
  C:\Users\USER\eclipse-workspace\SeleniumWebDriver\OpencartV121\master.xml

16:16:56.727 [main] DEBUG org.testng.TestNG - suiteXmlPath: "C:\Users\USER\eclipse-workspace\SeleniumWebDriver\OpencartV121\master.xml"
16:16:57.785 [main] INFO  org.testng.internal.Utils - [TestNG] Running:
  C:\Users\USER\eclipse-workspace\SeleniumWebDriver\OpencartV121\master.xml

16:17:13.236 [main] INFO  testCases.TC001_AccountRegistrationTest - ****** Started TC001_AccountRegistrationTest ******
16:17:14.079 [main] INFO  testCases.TC001_AccountRegistrationTest - Clicked Myaccount...
16:17:33.342 [main] INFO  testCases.TC002_LoginTest - ******* Started TC002_LoginTest ********
16:17:33.617 [main] INFO  testCases.TC002_LoginTest - Clicked Myaccount...
16:17:34.264 [main] INFO  testCases.TC002_LoginTest - Clicked login button...
16:17:34.265 [main] INFO  testCases.TC002_LoginTest - Providing login details...
16:19:35.848 [main] DEBUG org.testng.TestNG - suiteXmlPath: "C:\Users\USER\eclipse-workspace\SeleniumWebDriver\OpencartV121\master.xml"
16:19:37.228 [main] INFO  org.testng.internal.Utils - [TestNG] Running:
  C:\Users\USER\eclipse-workspace\SeleniumWebDriver\OpencartV121\master.xml

16:19:48.818 [main] INFO  testCases.TC001_AccountRegistrationTest - ****** Started TC001_AccountRegistrationTest ******
16:20:11.466 [main] DEBUG org.testng.TestNG - suiteXmlPath: "C:\Users\USER\eclipse-workspace\SeleniumWebDriver\OpencartV121\master.xml"
16:20:12.531 [main] INFO  org.testng.internal.Utils - [TestNG] Running:
  C:\Users\USER\eclipse-workspace\SeleniumWebDriver\OpencartV121\master.xml

16:20:29.213 [main] INFO  testCases.TC001_AccountRegistrationTest - ****** Started TC001_AccountRegistrationTest ******
16:20:30.563 [main] INFO  testCases.TC001_AccountRegistrationTest - Clicked Myaccount...
16:20:33.009 [main] INFO  testCases.TC001_AccountRegistrationTest - Clicked MyRegister...
16:20:33.009 [main] INFO  testCases.TC001_AccountRegistrationTest - Providing customer details...
16:20:34.350 [main] INFO  testCases.TC001_AccountRegistrationTest - Validating Expected message...
16:20:36.432 [main] INFO  testCases.TC001_AccountRegistrationTest - ****** Fineshed TC001_AccountRegistrationTest ******
16:20:44.516 [main] INFO  testCases.TC002_LoginTest - ******* Started TC002_LoginTest ********
16:20:44.747 [main] INFO  testCases.TC002_LoginTest - Clicked Myaccount...
16:20:46.104 [main] INFO  testCases.TC002_LoginTest - Clicked login button...
16:20:46.106 [main] INFO  testCases.TC002_LoginTest - Providing login details...
16:20:46.726 [main] INFO  testCases.TC002_LoginTest - Account signIn
16:20:46.726 [main] INFO  testCases.TC002_LoginTest - Validated Myaccount page
16:20:47.938 [main] INFO  testCases.TC002_LoginTest - ******* Ended TC002_LoginTest ********
15:36:49.274 [main] DEBUG org.testng.TestNG - suiteXmlPath: "C:\Users\USER\eclipse-workspace\SeleniumWebDriver\OpencartV121\master.xml"
15:41:40.715 [main] DEBUG org.testng.TestNG - suiteXmlPath: "C:\Users\USER\eclipse-workspace\SeleniumWebDriver\OpencartV121\master.xml"
15:42:00.783 [main] INFO  testCases.TC001_AccountRegistrationTest - ****** Started TC001_AccountRegistrationTest ******
15:42:01.305 [main] INFO  testCases.TC001_AccountRegistrationTest - Clicked Myaccount...
15:42:03.394 [main] INFO  testCases.TC001_AccountRegistrationTest - Clicked MyRegister...
15:42:03.394 [main] INFO  testCases.TC001_AccountRegistrationTest - Providing customer details...
15:42:04.339 [main] INFO  testCases.TC001_AccountRegistrationTest - Validating Expected message...
15:42:06.874 [main] INFO  testCases.TC001_AccountRegistrationTest - ****** Fineshed TC001_AccountRegistrationTest ******
15:42:14.845 [main] INFO  testCases.TC002_LoginTest - ******* Started TC002_LoginTest ********
15:42:15.069 [main] INFO  testCases.TC002_LoginTest - Clicked Myaccount...
15:42:16.548 [main] INFO  testCases.TC002_LoginTest - Clicked login button...
15:42:16.552 [main] INFO  testCases.TC002_LoginTest - Providing login details...
15:42:17.225 [main] INFO  testCases.TC002_LoginTest - Account signIn
15:42:17.225 [main] INFO  testCases.TC002_LoginTest - Validated Myaccount page
15:42:19.488 [main] INFO  testCases.TC002_LoginTest - ******* Ended TC002_LoginTest ********
16:29:31.774 [main] DEBUG org.testng.TestNG - suiteXmlPath: "C:\Users\USER\eclipse-workspace\SeleniumWebDriver\OpencartV121\master.xml"
16:29:55.884 [main] INFO  testCases.TC001_AccountRegistrationTest - ****** Started TC001_AccountRegistrationTest ******
16:29:56.745 [main] INFO  testCases.TC001_AccountRegistrationTest - Clicked Myaccount...
16:29:58.372 [main] INFO  testCases.TC001_AccountRegistrationTest - Clicked MyRegister...
16:29:58.372 [main] INFO  testCases.TC001_AccountRegistrationTest - Providing customer details...
16:29:59.517 [main] INFO  testCases.TC001_AccountRegistrationTest - Validating Expected message...
16:30:01.227 [main] INFO  testCases.TC001_AccountRegistrationTest - ****** Fineshed TC001_AccountRegistrationTest ******
16:30:09.315 [main] INFO  testCases.TC002_LoginTest - ******* Started TC002_LoginTest ********
16:30:09.541 [main] INFO  testCases.TC002_LoginTest - Clicked Myaccount...
16:30:10.541 [main] INFO  testCases.TC002_LoginTest - Clicked login button...
16:30:10.542 [main] INFO  testCases.TC002_LoginTest - Providing login details...
16:30:11.231 [main] INFO  testCases.TC002_LoginTest - Account signIn
16:30:11.231 [main] INFO  testCases.TC002_LoginTest - Validated Myaccount page
16:30:12.499 [main] INFO  testCases.TC002_LoginTest - ******* Ended TC002_LoginTest ********
16:38:40.448 [main] DEBUG org.testng.TestNG - suiteXmlPath: "C:\Users\USER\eclipse-workspace\SeleniumWebDriver\OpencartV121\master.xml"
16:38:49.950 [main] INFO  testCases.TC001_AccountRegistrationTest - ****** Started TC001_AccountRegistrationTest ******
16:38:50.242 [main] INFO  testCases.TC001_AccountRegistrationTest - Clicked Myaccount...
16:38:51.026 [main] INFO  testCases.TC001_AccountRegistrationTest - Clicked MyRegister...
16:38:51.026 [main] INFO  testCases.TC001_AccountRegistrationTest - Providing customer details...
16:38:51.980 [main] INFO  testCases.TC001_AccountRegistrationTest - Validating Expected message...
16:38:52.892 [main] INFO  testCases.TC001_AccountRegistrationTest - ****** Fineshed TC001_AccountRegistrationTest ******
16:38:59.499 [main] INFO  testCases.TC002_LoginTest - ******* Started TC002_LoginTest ********
16:38:59.748 [main] INFO  testCases.TC002_LoginTest - Clicked Myaccount...
16:39:00.465 [main] INFO  testCases.TC002_LoginTest - Clicked login button...
16:39:00.465 [main] INFO  testCases.TC002_LoginTest - Providing login details...
16:39:01.052 [main] INFO  testCases.TC002_LoginTest - Account signIn
16:39:01.052 [main] INFO  testCases.TC002_LoginTest - Validated Myaccount page
16:39:01.871 [main] INFO  testCases.TC002_LoginTest - ******* Ended TC002_LoginTest ********
